build/app/intermediates/manifest_merge_blame_file/debug/manifest-merger-blame-debug-report.txt
1<?xml version="1.0" encoding="utf-8"?>
2<manifest xmlns:android="http://schemas.android.com/apk/res/android"
3    package="com.onlinedeck.onlinedeck"
4    android:versionCode="1"
5    android:versionName="1.0.0" >
6
7    <uses-sdk
8        android:minSdkVersion="16"
9        android:targetSdkVersion="31" />
10    <!--
11         Flutter needs it to communicate with the running application
12         to allow setting breakpoints, to provide hot reload, etc.
13    -->
14    <uses-permission android:name="android.permission.INTERNET" />
14-->src\debug\AndroidManifest.xml:6:5-66
14-->src\debug\AndroidManifest.xml:6:22-64
15
16    <queries>
16-->src\main\AndroidManifest.xml:3:5-16:15
17        <intent>
17-->src\main\AndroidManifest.xml:4:10-7:18
18            <action android:name="android.intent.action.VIEW" />
18-->src\main\AndroidManifest.xml:5:13-65
18-->src\main\AndroidManifest.xml:5:21-62
19
20            <data android:scheme="https" />
20-->src\main\AndroidManifest.xml:6:13-44
20-->src\main\AndroidManifest.xml:6:19-41
21        </intent>
22        <intent>
22-->src\main\AndroidManifest.xml:8:9-11:18
23            <action android:name="android.intent.action.DIAL" />
23-->src\main\AndroidManifest.xml:9:13-65
23-->src\main\AndroidManifest.xml:9:21-62
24
25            <data android:scheme="tel" />
25-->src\main\AndroidManifest.xml:6:13-44
25-->src\main\AndroidManifest.xml:6:19-41
26        </intent>
27        <intent>
27-->src\main\AndroidManifest.xml:12:9-15:18
28            <action android:name="android.intent.action.SEND" />
28-->src\main\AndroidManifest.xml:13:13-65
28-->src\main\AndroidManifest.xml:13:21-62
29
30            <data android:mimeType="*/*" />
30-->src\main\AndroidManifest.xml:6:13-44
31        </intent>
32    </queries>
33
34    <application
35        android:name="android.app.Application"
36        android:appComponentFactory="androidx.core.app.CoreComponentFactory"
36-->[androidx.core:core:1.6.0] AndroidManifest.xml:24:18-86
37        android:debuggable="true"
38        android:icon="@mipmap/ic_launcher"
39        android:label="onlinedeck" >
40        <activity
41            android:name="com.onlinedeck.onlinedeck.MainActivity"
42            android:configChanges="orientation|keyboardHidden|keyboard|screenSize|smallestScreenSize|locale|layoutDirection|fontScale|screenLayout|density|uiMode"
43            android:exported="true"
44            android:hardwareAccelerated="true"
45            android:launchMode="singleTop"
46            android:theme="@style/LaunchTheme"
47            android:windowSoftInputMode="adjustResize" >
48
49            <!--
50                 Specifies an Android theme to apply to this Activity as soon as
51                 the Android process has started. This theme is visible to the user
52                 while the Flutter UI initializes. After that, this theme continues
53                 to determine the Window background behind the Flutter UI.
54            -->
55            <meta-data
56                android:name="io.flutter.embedding.android.NormalTheme"
57                android:resource="@style/NormalTheme" />
58
59            <intent-filter>
60                <action android:name="android.intent.action.MAIN" />
61
62                <category android:name="android.intent.category.LAUNCHER" />
63            </intent-filter>
64        </activity>
65        <!--
66             Don't delete the meta-data below.
67             This is used by the Flutter tool to generate GeneratedPluginRegistrant.java
68        -->
69        <meta-data
70            android:name="flutterEmbedding"
71            android:value="2" />
72
73        <provider
73-->[:image_picker] AndroidManifest.xml:8:9-16:20
74            android:name="io.flutter.plugins.imagepicker.ImagePickerFileProvider"
74-->[:image_picker] AndroidManifest.xml:9:13-82
75            android:authorities="com.onlinedeck.onlinedeck.flutter.image_provider"
75-->[:image_picker] AndroidManifest.xml:10:13-74
76            android:exported="false"
76-->[:image_picker] AndroidManifest.xml:11:13-37
77            android:grantUriPermissions="true" >
77-->[:image_picker] AndroidManifest.xml:12:13-47
78            <meta-data
78-->[:image_picker] AndroidManifest.xml:13:13-15:75
79                android:name="android.support.FILE_PROVIDER_PATHS"
79-->[:image_picker] AndroidManifest.xml:14:17-67
80                android:resource="@xml/flutter_image_picker_file_paths" />
80-->[:image_picker] AndroidManifest.xml:15:17-72
81        </provider>
82
83        <activity
83-->[:url_launcher_android] AndroidManifest.xml:8:9-11:74
84            android:name="io.flutter.plugins.urllauncher.WebViewActivity"
84-->[:url_launcher_android] AndroidManifest.xml:9:13-74
85            android:exported="false"
85-->[:url_launcher_android] AndroidManifest.xml:10:13-37
86            android:theme="@android:style/Theme.NoTitleBar.Fullscreen" />
86-->[:url_launcher_android] AndroidManifest.xml:11:13-71
87
88        <uses-library
88-->[androidx.window:window:1.0.0-beta04] AndroidManifest.xml:25:9-27:40
89            android:name="androidx.window.extensions"
89-->[androidx.window:window:1.0.0-beta04] AndroidManifest.xml:26:13-54
90            android:required="false" />
90-->[androidx.window:window:1.0.0-beta04] AndroidManifest.xml:27:13-37
91        <uses-library
91-->[androidx.window:window:1.0.0-beta04] AndroidManifest.xml:28:9-30:40
92            android:name="androidx.window.sidecar"
92-->[androidx.window:window:1.0.0-beta04] AndroidManifest.xml:29:13-51
93            android:required="false" />
93-->[androidx.window:window:1.0.0-beta04] AndroidManifest.xml:30:13-37
94    </application>
95
96</manifest>